============================= test session starts ==============================
platform darwin -- Python 3.9.6, pytest-8.4.2, pluggy-1.6.0 -- /Users/mariamshaddad/Documents/GitHub/optimile/optimile-main/venv/bin/python
cachedir: .pytest_cache
rootdir: /Users/mariamshaddad/Documents/GitHub/optimile/optimile-main
configfile: pytest.ini
plugins: anyio-4.12.1, asyncio-1.2.0
asyncio: mode=strict, debug=False, asyncio_default_fixture_loop_scope=None, asyncio_default_test_loop_scope=function
collecting ... collected 198 items

backend/tests/test_alns_optimizer.py::TestVehicleSpeed::test_motorcycle_speed PASSED [  0%]
backend/tests/test_alns_optimizer.py::TestVehicleSpeed::test_scooter_speed PASSED [  1%]
backend/tests/test_alns_optimizer.py::TestVehicleSpeed::test_van_speed PASSED [  1%]
backend/tests/test_alns_optimizer.py::TestVehicleSpeed::test_unknown_vehicle_defaults PASSED [  2%]
backend/tests/test_alns_optimizer.py::TestVehicleSpeed::test_motorcycle_faster_than_van PASSED [  2%]
backend/tests/test_alns_optimizer.py::TestRouteCostBasic::test_single_leg_positive_cost PASSED [  3%]
backend/tests/test_alns_optimizer.py::TestRouteCostBasic::test_longer_route_has_higher_cost PASSED [  3%]
backend/tests/test_alns_optimizer.py::TestRouteCostBasic::test_reverse_route_valid PASSED [  4%]
backend/tests/test_alns_optimizer.py::TestRouteCostTraffic::test_traffic_affects_cost[Low-0] PASSED [  4%]
backend/tests/test_alns_optimizer.py::TestRouteCostTraffic::test_traffic_affects_cost[Normal-1] PASSED [  5%]
backend/tests/test_alns_optimizer.py::TestRouteCostTraffic::test_traffic_affects_cost[Medium-2] PASSED [  5%]
backend/tests/test_alns_optimizer.py::TestRouteCostTraffic::test_traffic_affects_cost[Heavy-3] PASSED [  6%]
backend/tests/test_alns_optimizer.py::TestRouteCostTraffic::test_heavy_traffic_costs_more_than_low PASSED [  6%]
backend/tests/test_alns_optimizer.py::TestRouteCostIncidents::test_traffic_jam_increases_cost PASSED [  7%]
backend/tests/test_alns_optimizer.py::TestRouteCostIncidents::test_accident_increases_cost_more_than_jam PASSED [  7%]
backend/tests/test_alns_optimizer.py::TestRouteCostIncidents::test_road_closed_highest_penalty PASSED [  8%]
backend/tests/test_alns_optimizer.py::TestRouteCostIncidents::test_zero_severity_incident_lower_penalty PASSED [  8%]
backend/tests/test_alns_optimizer.py::TestRouteCostTimeWindows::test_late_penalty_added_when_arriving_after_window PASSED [  9%]
backend/tests/test_alns_optimizer.py::TestRouteCostTimeWindows::test_early_wait_cost_when_arriving_before_window PASSED [  9%]
backend/tests/test_alns_optimizer.py::TestRouteCostFragile::test_fragile_stop_increases_cost PASSED [ 10%]
backend/tests/test_alns_optimizer.py::TestRouteCostFragile::test_all_fragile_still_returns_positive_cost PASSED [ 10%]
backend/tests/test_alns_optimizer.py::TestRouteCostMLMatrix::test_ml_matrix_used_when_provided PASSED [ 11%]
backend/tests/test_alns_optimizer.py::TestRouteCostMLMatrix::test_out_of_range_ml_values_fall_back_to_formula PASSED [ 11%]
backend/tests/test_alns_optimizer.py::TestOptimizeRoute::test_returns_valid_permutation PASSED [ 12%]
backend/tests/test_alns_optimizer.py::TestOptimizeRoute::test_cost_not_negative PASSED [ 12%]
backend/tests/test_alns_optimizer.py::TestOptimizeRoute::test_cost_not_worse_than_baseline PASSED [ 13%]
backend/tests/test_alns_optimizer.py::TestOptimizeRoute::test_two_stop_route PASSED [ 13%]
backend/tests/test_alns_optimizer.py::TestOptimizeRoute::test_ml_matrix_can_change_route_ordering PASSED [ 14%]
backend/tests/test_alns_optimizer.py::TestOptimizeRoute::test_single_stop_route PASSED [ 14%]
backend/tests/test_bellman_ford.py::test_basic_shortest_path PASSED      [ 15%]
backend/tests/test_bellman_ford.py::test_shortest_path_helper PASSED     [ 15%]
backend/tests/test_bellman_ford.py::test_negative_cycle_detection PASSED [ 16%]
backend/tests/test_bellman_ford.py::test_unreachable_node PASSED         [ 16%]
backend/tests/test_bellman_ford.py::test_negative_weights_no_cycle PASSED [ 17%]
backend/tests/test_bellman_ford.py::test_compute_edge_weight_no_modifiers PASSED [ 17%]
backend/tests/test_bellman_ford.py::test_compute_edge_weight_fragile_penalty PASSED [ 18%]
backend/tests/test_bellman_ford.py::test_compute_edge_weight_tight_deadline_negative PASSED [ 18%]
backend/tests/test_bellman_ford.py::test_compute_edge_weight_past_deadline_penalty PASSED [ 19%]
backend/tests/test_bellman_ford.py::test_compute_edge_weight_clustering_reward PASSED [ 19%]
backend/tests/test_bellman_ford.py::test_compute_edge_weight_heavy_traffic_penalty PASSED [ 20%]
backend/tests/test_bellman_ford.py::test_compute_edge_weight_low_traffic_reward PASSED [ 20%]
backend/tests/test_bellman_ford.py::test_compute_edge_weight_bad_weather_penalty PASSED [ 21%]
backend/tests/test_bellman_ford.py::test_compute_edge_weight_combined_modifiers PASSED [ 21%]
backend/tests/test_bellman_ford.py::test_route_order_from_distance_matrix_basic PASSED [ 22%]
backend/tests/test_bellman_ford.py::test_route_order_from_distance_matrix_with_negative_weights PASSED [ 22%]
backend/tests/test_bellman_ford.py::test_route_order_from_distance_matrix_transitive_path PASSED [ 23%]
backend/tests/test_bellman_ford.py::test_route_order_from_locations_with_fragile PASSED [ 23%]
backend/tests/test_bellman_ford.py::test_route_order_from_locations_with_deadline PASSED [ 24%]
backend/tests/test_bellman_ford.py::test_route_order_empty_and_single PASSED [ 24%]
backend/tests/test_bellman_ford.py::test_bf_finds_paths_sorting_misses PASSED [ 25%]
backend/tests/test_decision_impact.py::TestShouldReoptimize::test_zero_delay_returns_false PASSED [ 25%]
backend/tests/test_decision_impact.py::TestShouldReoptimize::test_negative_delay_returns_false PASSED [ 26%]
backend/tests/test_decision_impact.py::TestShouldReoptimize::test_sub_one_minute_delay_returns_false PASSED [ 26%]
backend/tests/test_decision_impact.py::TestShouldReoptimize::test_one_minute_delay_returns_true PASSED [ 27%]
backend/tests/test_decision_impact.py::TestShouldReoptimize::test_small_positive_delay_returns_true PASSED [ 27%]
backend/tests/test_decision_impact.py::TestShouldReoptimize::test_large_delay_returns_true PASSED [ 28%]
backend/tests/test_decision_impact.py::TestShouldReoptimize::test_fragile_next_stop_with_delay_returns_true PASSED [ 28%]
backend/tests/test_decision_impact.py::TestShouldReoptimize::test_returns_bool_type PASSED [ 29%]
backend/tests/test_decision_impact.py::TestEstimateDelay::test_traffic_jam_factor PASSED [ 29%]
backend/tests/test_decision_impact.py::TestEstimateDelay::test_accident_factor PASSED [ 30%]
backend/tests/test_decision_impact.py::TestEstimateDelay::test_road_closed_factor PASSED [ 30%]
backend/tests/test_decision_impact.py::TestEstimateDelay::test_deviation_factor PASSED [ 31%]
backend/tests/test_decision_impact.py::TestEstimateDelay::test_delay_scales_with_baseline_eta PASSED [ 31%]
backend/tests/test_decision_impact.py::TestEstimateDelay::test_zero_baseline_returns_zero PASSED [ 32%]
backend/tests/test_decision_impact.py::TestEstimateDelay::test_negative_baseline_returns_zero PASSED [ 32%]
backend/tests/test_decision_impact.py::TestEstimateDelay::test_unknown_event_returns_zero PASSED [ 33%]
backend/tests/test_decision_impact.py::TestEstimateDelay::test_empty_event_string_returns_zero PASSED [ 33%]
backend/tests/test_decision_impact.py::TestEstimateDelay::test_returns_float PASSED [ 34%]
backend/tests/test_decision_impact.py::TestEstimateDelay::test_result_non_negative PASSED [ 34%]
backend/tests/test_decision_impact.py::TestEstimateDelay::test_road_closed_larger_than_accident PASSED [ 35%]
backend/tests/test_decision_impact.py::TestEstimateDelay::test_accident_larger_than_traffic_jam PASSED [ 35%]
backend/tests/test_fleet_reoptimize.py::TestFleetReoptimizeShape::test_returns_200 PASSED [ 36%]
backend/tests/test_fleet_reoptimize.py::TestFleetReoptimizeShape::test_has_rerouted_key PASSED [ 36%]
backend/tests/test_fleet_reoptimize.py::TestFleetReoptimizeShape::test_has_vehicle_routes_key PASSED [ 37%]
backend/tests/test_fleet_reoptimize.py::TestFleetReoptimizeShape::test_has_transfers_key PASSED [ 37%]
backend/tests/test_fleet_reoptimize.py::TestFleetReoptimizeShape::test_has_total_cost PASSED [ 38%]
backend/tests/test_fleet_reoptimize.py::TestFleetReoptimizeShape::test_vehicle_routes_count_matches_input PASSED [ 38%]
backend/tests/test_fleet_reoptimize.py::TestFleetReoptimizeShape::test_transfers_is_list PASSED [ 39%]
backend/tests/test_fleet_reoptimize.py::TestFleetStopConservation::test_total_stops_conserved_after_transfers PASSED [ 39%]
backend/tests/test_fleet_reoptimize.py::TestFleetStopConservation::test_each_route_stop_has_lat_lng PASSED [ 40%]
backend/tests/test_fleet_reoptimize.py::TestFleetTransferRecords::test_transfer_record_fields PASSED [ 40%]
backend/tests/test_fleet_reoptimize.py::TestFleetTransferRecords::test_transfer_vehicle_indices_valid PASSED [ 41%]
backend/tests/test_fleet_reoptimize.py::TestFleetTransferRecords::test_rerouted_true_when_transfers_exist PASSED [ 41%]
backend/tests/test_fleet_reoptimize.py::TestFleetVehicleCombinations::test_traffic_levels[Low] PASSED [ 42%]
backend/tests/test_fleet_reoptimize.py::TestFleetVehicleCombinations::test_traffic_levels[Normal] PASSED [ 42%]
backend/tests/test_fleet_reoptimize.py::TestFleetVehicleCombinations::test_traffic_levels[Heavy] PASSED [ 43%]
backend/tests/test_fleet_reoptimize.py::TestFleetVehicleCombinations::test_weather_conditions[Sunny] PASSED [ 43%]
backend/tests/test_fleet_reoptimize.py::TestFleetVehicleCombinations::test_weather_conditions[Rainy] PASSED [ 44%]
backend/tests/test_fleet_reoptimize.py::TestFleetVehicleCombinations::test_weather_conditions[Storm] PASSED [ 44%]
backend/tests/test_fleet_reoptimize.py::TestFleetEdgeCases::test_single_vehicle_fleet PASSED [ 45%]
backend/tests/test_fleet_reoptimize.py::TestFleetEdgeCases::test_vehicle_with_no_stops PASSED [ 45%]
backend/tests/test_fleet_reoptimize.py::TestFleetEdgeCases::test_fragile_stops_in_fleet PASSED [ 46%]
backend/tests/test_ml_pipeline.py::TestPreprocessorLoadRaw::test_load_raw_returns_dataframe PASSED [ 46%]
backend/tests/test_ml_pipeline.py::TestPreprocessorLoadRaw::test_load_raw_has_expected_columns PASSED [ 47%]
backend/tests/test_ml_pipeline.py::TestPreprocessorLoadRaw::test_load_raw_no_nan_in_lat_lng PASSED [ 47%]
backend/tests/test_ml_pipeline.py::TestPreprocessorLoadRaw::test_load_raw_lat_lng_in_egypt_range PASSED [ 48%]
backend/tests/test_ml_pipeline.py::TestPreprocessorLoadRaw::test_load_raw_row_count_reasonable PASSED [ 48%]
backend/tests/test_ml_pipeline.py::TestPreprocessorAssignClusters::test_assign_clusters_adds_cluster_id_column PASSED [ 49%]
backend/tests/test_ml_pipeline.py::TestPreprocessorAssignClusters::test_cluster_id_is_integer PASSED [ 50%]
backend/tests/test_ml_pipeline.py::TestPreprocessorAssignClusters::test_cluster_id_has_noise_label PASSED [ 50%]
backend/tests/test_ml_pipeline.py::TestPreprocessorAssignClusters::test_at_least_one_real_cluster PASSED [ 51%]
backend/tests/test_ml_pipeline.py::TestPreprocessorRunPipeline::test_run_preprocessing_returns_dataframe PASSED [ 51%]
backend/tests/test_ml_pipeline.py::TestPreprocessorRunPipeline::test_run_preprocessing_has_target_column PASSED [ 52%]
backend/tests/test_ml_pipeline.py::TestPreprocessorRunPipeline::test_run_preprocessing_target_in_valid_range PASSED [ 52%]
backend/tests/test_ml_pipeline.py::TestPreprocessorRunPipeline::test_run_preprocessing_no_nan_features PASSED [ 53%]
backend/tests/test_ml_pipeline.py::TestPreprocessorRunPipeline::test_feature_names_match_expected_set PASSED [ 53%]
backend/tests/test_ml_pipeline.py::TestPredictorAvailability::test_is_model_available_returns_bool PASSED [ 54%]
backend/tests/test_ml_pipeline.py::TestPredictLegTimeFallback::test_returns_none_or_float PASSED [ 54%]
backend/tests/test_ml_pipeline.py::TestPredictLegTimeFallback::test_no_exception_on_valid_inputs PASSED [ 55%]
backend/tests/test_ml_pipeline.py::TestPredictLegTimeFallback::test_no_exception_on_edge_coords PASSED [ 55%]
backend/tests/test_ml_pipeline.py::TestPredictCostMatrixFallback::test_returns_none_or_ndarray PASSED [ 56%]
backend/tests/test_ml_pipeline.py::TestPredictCostMatrixFallback::test_no_exception_on_single_coord PASSED [ 56%]
backend/tests/test_ml_pipeline.py::TestPredictCostMatrixFallback::test_no_exception_on_empty_coords PASSED [ 57%]
backend/tests/test_ml_pipeline.py::TestPredictorWithModel::test_predict_leg_time_returns_float PASSED [ 57%]
backend/tests/test_ml_pipeline.py::TestPredictorWithModel::test_predict_leg_time_in_plausible_range PASSED [ 58%]
backend/tests/test_ml_pipeline.py::TestPredictorWithModel::test_predict_cost_matrix_shape PASSED [ 58%]
backend/tests/test_ml_pipeline.py::TestPredictorWithModel::test_predict_cost_matrix_diagonal_zero PASSED [ 59%]
backend/tests/test_ml_pipeline.py::TestPredictorWithModel::test_metadata_returns_dict PASSED [ 59%]
backend/tests/test_optimize_endpoint.py::TestOptimizeResponseShape::test_returns_200 PASSED [ 60%]
backend/tests/test_optimize_endpoint.py::TestOptimizeResponseShape::test_has_optimized_route_key PASSED [ 60%]
backend/tests/test_optimize_endpoint.py::TestOptimizeResponseShape::test_has_cost_key PASSED [ 61%]
backend/tests/test_optimize_endpoint.py::TestOptimizeResponseShape::test_cost_is_positive_float PASSED [ 61%]
backend/tests/test_optimize_endpoint.py::TestOptimizeResponseShape::test_optimized_route_length_matches_input PASSED [ 62%]
backend/tests/test_optimize_endpoint.py::TestOptimizeResponseShape::test_optimized_route_stop_fields PASSED [ 62%]
backend/tests/test_optimize_endpoint.py::TestOptimizeResponseShape::test_optimized_route_is_permutation_of_input PASSED [ 63%]
backend/tests/test_optimize_endpoint.py::TestOptimizeVehicleTypes::test_all_vehicle_types_succeed[motorcycle] PASSED [ 63%]
backend/tests/test_optimize_endpoint.py::TestOptimizeVehicleTypes::test_all_vehicle_types_succeed[scooter] PASSED [ 64%]
backend/tests/test_optimize_endpoint.py::TestOptimizeVehicleTypes::test_all_vehicle_types_succeed[van] PASSED [ 64%]
backend/tests/test_optimize_endpoint.py::TestOptimizeVehicleTypes::test_motorcycle_lower_cost_than_van PASSED [ 65%]
backend/tests/test_optimize_endpoint.py::TestOptimizeTrafficLevels::test_all_traffic_levels_succeed[Low] PASSED [ 65%]
backend/tests/test_optimize_endpoint.py::TestOptimizeTrafficLevels::test_all_traffic_levels_succeed[Normal] PASSED [ 66%]
backend/tests/test_optimize_endpoint.py::TestOptimizeTrafficLevels::test_all_traffic_levels_succeed[Medium] PASSED [ 66%]
backend/tests/test_optimize_endpoint.py::TestOptimizeTrafficLevels::test_all_traffic_levels_succeed[Heavy] PASSED [ 67%]
backend/tests/test_optimize_endpoint.py::TestOptimizeTrafficLevels::test_heavy_traffic_higher_cost_than_low PASSED [ 67%]
backend/tests/test_optimize_endpoint.py::TestOptimizeFragileStops::test_all_fragile_stops_still_returns_route PASSED [ 68%]
backend/tests/test_optimize_endpoint.py::TestOptimizeFragileStops::test_fragile_in_response_matches_input_stop PASSED [ 68%]
backend/tests/test_optimize_endpoint.py::TestOptimizeTimeWindows::test_stops_with_valid_time_windows PASSED [ 69%]
backend/tests/test_optimize_endpoint.py::TestOptimizeTimeWindows::test_tight_time_window_still_returns_route PASSED [ 69%]
backend/tests/test_optimize_endpoint.py::TestOptimizeTimeWindows::test_window_fields_preserved_in_response PASSED [ 70%]
backend/tests/test_optimize_endpoint.py::TestOptimizeEdgeCases::test_single_stop PASSED [ 70%]
backend/tests/test_optimize_endpoint.py::TestOptimizeEdgeCases::test_two_stops PASSED [ 71%]
backend/tests/test_optimize_endpoint.py::TestOptimizeEdgeCases::test_missing_start_time_defaults_gracefully PASSED [ 71%]
backend/tests/test_optimize_endpoint.py::TestOptimizeIncidents::test_traffic_jam_incident PASSED [ 72%]
backend/tests/test_optimize_endpoint.py::TestOptimizeIncidents::test_road_closed_incident PASSED [ 72%]
backend/tests/test_optimize_endpoint.py::TestOptimizeIncidents::test_multiple_incidents_picks_most_severe PASSED [ 73%]
backend/tests/test_optimize_endpoint.py::TestOptimizeALNSQuality::test_alns_cost_not_negative PASSED [ 73%]
backend/tests/test_optimize_endpoint.py::TestOptimizeALNSQuality::test_different_start_times_produce_different_costs PASSED [ 74%]
backend/tests/test_reoptimize_endpoint.py::TestReoptimizeResponseShape::test_returns_200 PASSED [ 74%]
backend/tests/test_reoptimize_endpoint.py::TestReoptimizeResponseShape::test_has_rerouted_key PASSED [ 75%]
backend/tests/test_reoptimize_endpoint.py::TestReoptimizeResponseShape::test_rerouted_is_bool PASSED [ 75%]
backend/tests/test_reoptimize_endpoint.py::TestReoptimizeResponseShape::test_rerouted_true_has_optimized_route PASSED [ 76%]
backend/tests/test_reoptimize_endpoint.py::TestReoptimizeResponseShape::test_rerouted_true_has_cost PASSED [ 76%]
backend/tests/test_reoptimize_endpoint.py::TestReoptimizeResponseShape::test_rerouted_true_has_reason PASSED [ 77%]
backend/tests/test_reoptimize_endpoint.py::TestReoptimizeResponseShape::test_output_is_permutation_of_input PASSED [ 77%]
backend/tests/test_reoptimize_endpoint.py::TestReoptimizeReasons::test_all_reasons_succeed[traffic_jam] PASSED [ 78%]
backend/tests/test_reoptimize_endpoint.py::TestReoptimizeReasons::test_all_reasons_succeed[accident] PASSED [ 78%]
backend/tests/test_reoptimize_endpoint.py::TestReoptimizeReasons::test_all_reasons_succeed[road_closed] PASSED [ 79%]
backend/tests/test_reoptimize_endpoint.py::TestReoptimizeReasons::test_all_reasons_succeed[deviation] PASSED [ 79%]
backend/tests/test_reoptimize_endpoint.py::TestReoptimizeReasons::test_simulate_true_always_reroutes PASSED [ 80%]
backend/tests/test_reoptimize_endpoint.py::TestReoptimizeReasons::test_simulate_false_low_severity_may_skip PASSED [ 80%]
backend/tests/test_reoptimize_endpoint.py::TestReoptimizeWeather::test_all_weather_conditions_succeed[Sunny] PASSED [ 81%]
backend/tests/test_reoptimize_endpoint.py::TestReoptimizeWeather::test_all_weather_conditions_succeed[Rainy] PASSED [ 81%]
backend/tests/test_reoptimize_endpoint.py::TestReoptimizeWeather::test_all_weather_conditions_succeed[Storm] PASSED [ 82%]
backend/tests/test_reoptimize_endpoint.py::TestReoptimizeWeather::test_all_weather_conditions_succeed[Foggy] PASSED [ 82%]
backend/tests/test_reoptimize_endpoint.py::TestReoptimizeWeather::test_all_weather_conditions_succeed[Windy] PASSED [ 83%]
backend/tests/test_reoptimize_endpoint.py::TestReoptimizeFragile::test_fragile_first_remaining_stop PASSED [ 83%]
backend/tests/test_reoptimize_endpoint.py::TestReoptimizeIncidents::test_with_road_incidents PASSED [ 84%]
backend/tests/test_reoptimize_endpoint.py::TestReoptimizeIncidents::test_live_incidents_found_field_present PASSED [ 84%]
backend/tests/test_reoptimize_endpoint.py::TestReoptimizeBellmanFord::test_bf_path_returns_200 PASSED [ 85%]
backend/tests/test_reoptimize_endpoint.py::TestReoptimizeBellmanFord::test_bf_path_always_reroutes PASSED [ 85%]
backend/tests/test_reoptimize_endpoint.py::TestReoptimizeBellmanFord::test_bf_path_has_algorithm_field PASSED [ 86%]
backend/tests/test_reoptimize_endpoint.py::TestReoptimizeBellmanFord::test_bf_path_output_is_permutation PASSED [ 86%]
backend/tests/test_reoptimize_endpoint.py::TestReoptimizeEdgeCases::test_single_remaining_stop PASSED [ 87%]
backend/tests/test_reoptimize_endpoint.py::TestReoptimizeEdgeCases::test_empty_remaining_stops_bf_path PASSED [ 87%]
backend/tests/test_traffic_provider.py::TestClassify::test_flood_prone PASSED [ 88%]
backend/tests/test_traffic_provider.py::TestClassify::test_ford_highway PASSED [ 88%]
backend/tests/test_traffic_provider.py::TestClassify::test_ford_node PASSED [ 89%]
backend/tests/test_traffic_provider.py::TestClassify::test_tunnel PASSED [ 89%]
backend/tests/test_traffic_provider.py::TestClassify::test_unpaved_surfaces[mud-road_closed-0.85] PASSED [ 90%]
backend/tests/test_traffic_provider.py::TestClassify::test_unpaved_surfaces[sand-traffic_jam-0.7] PASSED [ 90%]
backend/tests/test_traffic_provider.py::TestClassify::test_unpaved_surfaces[gravel-traffic_jam-0.45] PASSED [ 91%]
backend/tests/test_traffic_provider.py::TestClassify::test_unpaved_surfaces[dirt-traffic_jam-0.55] PASSED [ 91%]
backend/tests/test_traffic_provider.py::TestClassify::test_unpaved_surfaces[ground-traffic_jam-0.55] PASSED [ 92%]
backend/tests/test_traffic_provider.py::TestClassify::test_unpaved_surfaces[grass-traffic_jam-0.5] PASSED [ 92%]
backend/tests/test_traffic_provider.py::TestClassify::test_unpaved_surfaces[unpaved-traffic_jam-0.55] PASSED [ 93%]
backend/tests/test_traffic_provider.py::TestClassify::test_unknown_tags_return_default PASSED [ 93%]
backend/tests/test_traffic_provider.py::TestClassify::test_severity_between_0_and_1 PASSED [ 94%]
backend/tests/test_traffic_provider.py::TestFetchIncidentsEdgeCases::test_empty_coords_returns_empty_list PASSED [ 94%]
backend/tests/test_traffic_provider.py::TestFetchIncidentsEdgeCases::test_single_coord_returns_empty_list PASSED [ 95%]
backend/tests/test_traffic_provider.py::TestFetchIncidentsEdgeCases::test_returns_list_type PASSED [ 95%]
backend/tests/test_traffic_provider.py::TestFetchIncidentsMocked::test_flood_prone_way_mapped_to_nearest_stop PASSED [ 96%]
backend/tests/test_traffic_provider.py::TestFetchIncidentsMocked::test_tunnel_way_produces_traffic_jam PASSED [ 96%]
backend/tests/test_traffic_provider.py::TestFetchIncidentsMocked::test_node_ford_mapped_correctly PASSED [ 97%]
backend/tests/test_traffic_provider.py::TestFetchIncidentsMocked::test_empty_overpass_elements_returns_empty_list PASSED [ 97%]
backend/tests/test_traffic_provider.py::TestFetchIncidentsMocked::test_api_error_returns_empty_list PASSED [ 98%]
backend/tests/test_traffic_provider.py::TestFetchIncidentsMocked::test_http_error_returns_empty_list PASSED [ 98%]
backend/tests/test_traffic_provider.py::TestFetchIncidentsMocked::test_result_has_required_fields PASSED [ 99%]
backend/tests/test_traffic_provider.py::TestFetchIncidentsMocked::test_index_never_zero PASSED [100%]

=============================== warnings summary ===============================
venv/lib/python3.9/site-packages/urllib3/__init__.py:35
  /Users/mariamshaddad/Documents/GitHub/optimile/optimile-main/venv/lib/python3.9/site-packages/urllib3/__init__.py:35: NotOpenSSLWarning: urllib3 v2 only supports OpenSSL 1.1.1+, currently the 'ssl' module is compiled with 'LibreSSL 2.8.3'. See: https://github.com/urllib3/urllib3/issues/3020
    warnings.warn(

-- Docs: https://docs.pytest.org/en/stable/how-to/capture-warnings.html
================== 198 passed, 1 warning in 148.17s (0:02:28) ==================
